<!DOCTYPE html PUBLIC "-//W3C//DTD XHTML 1.1//EN" "http://www.w3.org/TR/xhtml11/DTD/xhtml11.dtd">
<html xmlns="http://www.w3.org/1999/xhtml">
<head>
<meta http-equiv="content-type" content="text/html; charset=UTF-8"/>
<title>TestNG Report</title>
<style type="text/css">table {margin-bottom:10px;border-collapse:collapse;empty-cells:show}th,td {border:1px solid #009;padding:.25em .5em}th {vertical-align:bottom}td {vertical-align:top}table a {font-weight:bold}.stripe td {background-color: #E6EBF9}.num {text-align:right}.passedodd td {background-color: #3F3}.passedeven td {background-color: #0A0}.skippedodd td {background-color: #DDD}.skippedeven td {background-color: #CCC}.failedodd td,.attn {background-color: #F33}.failedeven td,.stripe .attn {background-color: #D00}.stacktrace {white-space:pre;font-family:monospace}.totop {font-size:85%;text-align:center;border-bottom:2px solid #000}.invisible {display:none}</style>
</head>
<body>
<table>
<tr><th>Test</th><th># Passed</th><th># Skipped</th><th># Failed</th><th>Time (ms)</th><th>Included Groups</th><th>Excluded Groups</th></tr>
<tr><th colspan="7">MAJU PORTAL</th></tr>
<tr><td><a href="#t0"> Positive Login Chrome </a></td><td class="num">0</td><td class="num">0</td><td class="num attn">1</td><td class="num">4,008</td><td></td><td>Positive Test</td></tr>
<tr class="stripe"><td><a href="#t1">Negative Login ch</a></td><td class="num">1</td><td class="num">0</td><td class="num attn">1</td><td class="num">14,932</td><td></td><td>broken, Negative Test</td></tr>
<tr><th>Total</th><th class="num">1</th><th class="num">0</th><th class="num attn">2</th><th class="num">18,940</th><th colspan="2"></th></tr>
</table>
<table id='summary'><thead><tr><th>Class</th><th>Method</th><th>Start</th><th>Time (ms)</th></tr></thead><tbody><tr><th colspan="4">MAJU PORTAL</th></tr></tbody><tbody id="t0"><tr><th colspan="4"> Positive Login Chrome  &#8212; failed</th></tr><tr class="failedeven"><td rowspan="1">com.portal.test.Testing</td><td><a href="#m0">positiveLoginTest</a></td><td rowspan="1">1558989785457</td><td rowspan="1">591</td></tr></tbody>
<tbody id="t1"><tr><th colspan="4">Negative Login ch &#8212; failed</th></tr><tr class="failedeven"><td rowspan="1">com.portal.test.Testing</td><td><a href="#m1">negativeLoginTest</a></td><td rowspan="1">1558989792417</td><td rowspan="1">4762</td></tr><tr><th colspan="4">Negative Login ch &#8212; passed</th></tr><tr class="passedeven"><td rowspan="1">com.portal.test.Testing</td><td><a href="#m2">negativeLoginTest</a></td><td rowspan="1">1558989787210</td><td rowspan="1">1131</td></tr></tbody>
</table>
<h2> Positive Login Chrome </h2><h3 id="m0">com.portal.test.Testing#positiveLoginTest</h3><table class="result"><tr><th>Exception</th></tr><tr><td><div class="stacktrace">org.openqa.selenium.NoSuchElementException: Unable to find element with xpath == //input[@id=&apos;login__username&apos;]
For documentation on this error, please visit: https://www.seleniumhq.org/exceptions/no_such_element.html
Build info: version: &apos;3.141.59&apos;, revision: &apos;e82be7d358&apos;, time: &apos;2018-11-14T08:17:03&apos;
System info: host: &apos;DESKTOP-UB3S2NO&apos;, ip: &apos;192.168.18.31&apos;, os.name: &apos;Windows 10&apos;, os.arch: &apos;amd64&apos;, os.version: &apos;10.0&apos;, java.version: &apos;11.0.2&apos;
Driver info: org.openqa.selenium.ie.InternetExplorerDriver
Capabilities {acceptInsecureCerts: false, browserName: internet explorer, browserVersion: 11, javascriptEnabled: true, pageLoadStrategy: normal, platform: WINDOWS, platformName: WINDOWS, proxy: Proxy(), se:ieOptions: {browserAttachTimeout: 0, elementScrollBehavior: 0, enablePersistentHover: true, ie.browserCommandLineSwitches: , ie.ensureCleanSession: false, ie.fileUploadDialogTimeout: 3000, ie.forceCreateProcessApi: false, ignoreProtectedModeSettings: false, ignoreZoomSetting: false, initialBrowserUrl: http://localhost:33966/, nativeEvents: true, requireWindowFocus: false}, setWindowRect: true, timeouts: {implicit: 0, pageLoad: 300000, script: 30000}}
Session ID: 9ec42344-335b-4180-b323-a39f2179dbfd
*** Element info: {Using=xpath, value=//input[@id=&apos;login__username&apos;]}
	at org.openqa.selenium.remote.http.W3CHttpResponseCodec.createException(W3CHttpResponseCodec.java:187)
	at org.openqa.selenium.remote.http.W3CHttpResponseCodec.decode(W3CHttpResponseCodec.java:122)
	at org.openqa.selenium.remote.http.W3CHttpResponseCodec.decode(W3CHttpResponseCodec.java:49)
	at org.openqa.selenium.remote.HttpCommandExecutor.execute(HttpCommandExecutor.java:158)
	at org.openqa.selenium.remote.service.DriverCommandExecutor.execute(DriverCommandExecutor.java:83)
	at org.openqa.selenium.remote.RemoteWebDriver.execute(RemoteWebDriver.java:552)
	at org.openqa.selenium.remote.RemoteWebDriver.findElement(RemoteWebDriver.java:323)
	at org.openqa.selenium.remote.RemoteWebDriver.findElementByXPath(RemoteWebDriver.java:428)
	at org.openqa.selenium.By$ByXPath.findElement(By.java:353)
	at org.openqa.selenium.remote.RemoteWebDriver.findElement(RemoteWebDriver.java:315)
	at com.portal.base.BasePageObject.find(BasePageObject.java:51)
	at com.portal.base.BasePageObject.type(BasePageObject.java:44)
	at com.portal.pages.LoginPage.fillUpFields(LoginPage.java:30)
	at com.portal.test.Testing.positiveLoginTest(Testing.java:24)
	at java.base/java.util.concurrent.FutureTask.run(FutureTask.java:264)
	at java.base/java.util.concurrent.ThreadPoolExecutor.runWorker(ThreadPoolExecutor.java:1128)
	at java.base/java.util.concurrent.ThreadPoolExecutor$Worker.run(ThreadPoolExecutor.java:628)
	at java.base/java.lang.Thread.run(Thread.java:834)
... Removed 20 stack frames</div></td></tr></table><p class="totop"><a href="#summary">back to summary</a></p>
<h2>Negative Login ch</h2><h3 id="m1">com.portal.test.Testing#negativeLoginTest</h3><table class="result"><tr class="param"><th>Parameter #1</th></tr><tr class="param stripe"><td>{description=Invalid Password, password=123abc123A, sno=2, email=Sp16-Bs-0029}</td></tr><tr><th>Exception</th></tr><tr><td><div class="stacktrace">java.lang.AssertionError: Error Message isn&apos;t expected.
 Expected: Invalid User/Password
Actual:You are already logged in expected [true] but found [false]
	at com.portal.test.Testing.negativeLoginTest(Testing.java:93)
	at java.base/java.util.concurrent.FutureTask.run(FutureTask.java:264)
	at java.base/java.util.concurrent.ThreadPoolExecutor.runWorker(ThreadPoolExecutor.java:1128)
	at java.base/java.util.concurrent.ThreadPoolExecutor$Worker.run(ThreadPoolExecutor.java:628)
	at java.base/java.lang.Thread.run(Thread.java:834)
... Removed 19 stack frames</div></td></tr></table><p class="totop"><a href="#summary">back to summary</a></p>
<h3 id="m2">com.portal.test.Testing#negativeLoginTest</h3><table class="result"><tr class="param"><th>Parameter #1</th></tr><tr class="param stripe"><td>{description=Invalid Email, password=TestingAuto123, sno=1, email=Sp16-Bs-0111}</td></tr></table><p class="totop"><a href="#summary">back to summary</a></p>
</body>
</html>
