<?xml version="1.0" encoding="UTF-8"?>
<testng-results ignored="2" total="5" passed="1" failed="2" skipped="0">
  <reporter-output>
  </reporter-output>
  <suite started-at="2019-05-27T20:43:02Z" name="MAJU PORTAL" finished-at="2019-05-27T20:43:17Z" duration-ms="14932">
    <groups>
      <group name="broken">
        <method signature="Testing.negativeLoginTest(java.util.Map)[pri:2, instance:com.portal.test.Testing@2638011]" name="negativeLoginTest" class="com.portal.test.Testing"/>
      </group> <!-- broken -->
      <group name="Negative Test">
        <method signature="Testing.negativeLoginTest(java.util.Map)[pri:2, instance:com.portal.test.Testing@2638011]" name="negativeLoginTest" class="com.portal.test.Testing"/>
      </group> <!-- Negative Test -->
      <group name="Positive Test">
        <method signature="Testing.positiveLoginTest()[pri:1, instance:com.portal.test.Testing@1e178745]" name="positiveLoginTest" class="com.portal.test.Testing"/>
      </group> <!-- Positive Test -->
    </groups>
    <test started-at="2019-05-27T20:43:02Z" name=" Positive Login Chrome " finished-at="2019-05-27T20:43:06Z" duration-ms="4008">
      <class name="com.portal.test.Testing">
        <test-method is-config="true" signature="setUp(org.testng.ITestContext)[pri:0, instance:com.portal.test.Testing@1e178745]" started-at="2019-05-27T20:43:02Z" name="setUp" finished-at="2019-05-27T20:43:03Z" duration-ms="145" status="PASS">
          <params>
            <param index="0">
              <value>
                <![CDATA[org.testng.TestRunner@2f8dad04]]>
              </value>
            </param>
          </params>
          <reporter-output>
          </reporter-output>
        </test-method> <!-- setUp -->
        <test-method is-config="true" signature="settingUp(java.lang.String)[pri:0, instance:com.portal.test.Testing@1e178745]" started-at="2019-05-27T20:43:03Z" name="settingUp" finished-at="2019-05-27T20:43:05Z" duration-ms="2328" status="PASS">
          <params>
            <param index="0">
              <value>
                <![CDATA[IE]]>
              </value>
            </param>
          </params>
          <reporter-output>
          </reporter-output>
        </test-method> <!-- settingUp -->
        <test-method signature="positiveLoginTest()[pri:1, instance:com.portal.test.Testing@1e178745]" started-at="2019-05-27T20:43:05Z" name="positiveLoginTest" finished-at="2019-05-27T20:43:06Z" duration-ms="591" status="FAIL">
          <exception class="org.openqa.selenium.NoSuchElementException">
            <message>
              <![CDATA[Unable to find element with xpath == //input[@id='login__username']
For documentation on this error, please visit: https://www.seleniumhq.org/exceptions/no_such_element.html
Build info: version: '3.141.59', revision: 'e82be7d358', time: '2018-11-14T08:17:03'
System info: host: 'DESKTOP-UB3S2NO', ip: '192.168.18.31', os.name: 'Windows 10', os.arch: 'amd64', os.version: '10.0', java.version: '11.0.2'
Driver info: org.openqa.selenium.ie.InternetExplorerDriver
Capabilities {acceptInsecureCerts: false, browserName: internet explorer, browserVersion: 11, javascriptEnabled: true, pageLoadStrategy: normal, platform: WINDOWS, platformName: WINDOWS, proxy: Proxy(), se:ieOptions: {browserAttachTimeout: 0, elementScrollBehavior: 0, enablePersistentHover: true, ie.browserCommandLineSwitches: , ie.ensureCleanSession: false, ie.fileUploadDialogTimeout: 3000, ie.forceCreateProcessApi: false, ignoreProtectedModeSettings: false, ignoreZoomSetting: false, initialBrowserUrl: http://localhost:33966/, nativeEvents: true, requireWindowFocus: false}, setWindowRect: true, timeouts: {implicit: 0, pageLoad: 300000, script: 30000}}
Session ID: 9ec42344-335b-4180-b323-a39f2179dbfd
*** Element info: {Using=xpath, value=//input[@id='login__username']}]]>
            </message>
            <full-stacktrace>
              <![CDATA[org.openqa.selenium.NoSuchElementException: Unable to find element with xpath == //input[@id='login__username']
For documentation on this error, please visit: https://www.seleniumhq.org/exceptions/no_such_element.html
Build info: version: '3.141.59', revision: 'e82be7d358', time: '2018-11-14T08:17:03'
System info: host: 'DESKTOP-UB3S2NO', ip: '192.168.18.31', os.name: 'Windows 10', os.arch: 'amd64', os.version: '10.0', java.version: '11.0.2'
Driver info: org.openqa.selenium.ie.InternetExplorerDriver
Capabilities {acceptInsecureCerts: false, browserName: internet explorer, browserVersion: 11, javascriptEnabled: true, pageLoadStrategy: normal, platform: WINDOWS, platformName: WINDOWS, proxy: Proxy(), se:ieOptions: {browserAttachTimeout: 0, elementScrollBehavior: 0, enablePersistentHover: true, ie.browserCommandLineSwitches: , ie.ensureCleanSession: false, ie.fileUploadDialogTimeout: 3000, ie.forceCreateProcessApi: false, ignoreProtectedModeSettings: false, ignoreZoomSetting: false, initialBrowserUrl: http://localhost:33966/, nativeEvents: true, requireWindowFocus: false}, setWindowRect: true, timeouts: {implicit: 0, pageLoad: 300000, script: 30000}}
Session ID: 9ec42344-335b-4180-b323-a39f2179dbfd
*** Element info: {Using=xpath, value=//input[@id='login__username']}
at java.base/jdk.internal.reflect.NativeConstructorAccessorImpl.newInstance0(Native Method)
at java.base/jdk.internal.reflect.NativeConstructorAccessorImpl.newInstance(NativeConstructorAccessorImpl.java:62)
at java.base/jdk.internal.reflect.DelegatingConstructorAccessorImpl.newInstance(DelegatingConstructorAccessorImpl.java:45)
at java.base/java.lang.reflect.Constructor.newInstance(Constructor.java:490)
at org.openqa.selenium.remote.http.W3CHttpResponseCodec.createException(W3CHttpResponseCodec.java:187)
at org.openqa.selenium.remote.http.W3CHttpResponseCodec.decode(W3CHttpResponseCodec.java:122)
at org.openqa.selenium.remote.http.W3CHttpResponseCodec.decode(W3CHttpResponseCodec.java:49)
at org.openqa.selenium.remote.HttpCommandExecutor.execute(HttpCommandExecutor.java:158)
at org.openqa.selenium.remote.service.DriverCommandExecutor.execute(DriverCommandExecutor.java:83)
at org.openqa.selenium.remote.RemoteWebDriver.execute(RemoteWebDriver.java:552)
at org.openqa.selenium.remote.RemoteWebDriver.findElement(RemoteWebDriver.java:323)
at org.openqa.selenium.remote.RemoteWebDriver.findElementByXPath(RemoteWebDriver.java:428)
at org.openqa.selenium.By$ByXPath.findElement(By.java:353)
at org.openqa.selenium.remote.RemoteWebDriver.findElement(RemoteWebDriver.java:315)
at com.portal.base.BasePageObject.find(BasePageObject.java:51)
at com.portal.base.BasePageObject.type(BasePageObject.java:44)
at com.portal.pages.LoginPage.fillUpFields(LoginPage.java:30)
at com.portal.test.Testing.positiveLoginTest(Testing.java:24)
at java.base/jdk.internal.reflect.NativeMethodAccessorImpl.invoke0(Native Method)
at java.base/jdk.internal.reflect.NativeMethodAccessorImpl.invoke(NativeMethodAccessorImpl.java:62)
at java.base/jdk.internal.reflect.DelegatingMethodAccessorImpl.invoke(DelegatingMethodAccessorImpl.java:43)
at java.base/java.lang.reflect.Method.invoke(Method.java:566)
at org.testng.internal.MethodInvocationHelper.invokeMethod(MethodInvocationHelper.java:124)
at org.testng.internal.Invoker.invokeMethod(Invoker.java:583)
at org.testng.internal.Invoker.invokeTestMethod(Invoker.java:719)
at org.testng.internal.Invoker.invokeTestMethods(Invoker.java:989)
at org.testng.internal.TestMethodWorker.invokeTestMethods(TestMethodWorker.java:125)
at org.testng.internal.TestMethodWorker.run(TestMethodWorker.java:109)
at org.testng.TestRunner.privateRun(TestRunner.java:648)
at org.testng.TestRunner.run(TestRunner.java:505)
at org.testng.SuiteRunner.runTest(SuiteRunner.java:455)
at org.testng.SuiteRunner.access$000(SuiteRunner.java:40)
at org.testng.SuiteRunner$SuiteWorker.run(SuiteRunner.java:489)
at org.testng.internal.thread.ThreadUtil$1.call(ThreadUtil.java:52)
at java.base/java.util.concurrent.FutureTask.run(FutureTask.java:264)
at java.base/java.util.concurrent.ThreadPoolExecutor.runWorker(ThreadPoolExecutor.java:1128)
at java.base/java.util.concurrent.ThreadPoolExecutor$Worker.run(ThreadPoolExecutor.java:628)
at java.base/java.lang.Thread.run(Thread.java:834)
]]>
            </full-stacktrace>
          </exception> <!-- org.openqa.selenium.NoSuchElementException -->
          <reporter-output>
          </reporter-output>
        </test-method> <!-- positiveLoginTest -->
        <test-method is-config="true" signature="tearingDown()[pri:0, instance:com.portal.test.Testing@1e178745]" started-at="2019-05-27T20:43:06Z" name="tearingDown" finished-at="2019-05-27T20:43:06Z" duration-ms="916" status="PASS">
          <reporter-output>
          </reporter-output>
        </test-method> <!-- tearingDown -->
      </class> <!-- com.portal.test.Testing -->
    </test> <!--  Positive Login Chrome  -->
    <test started-at="2019-05-27T20:43:02Z" name="Negative Login ch" finished-at="2019-05-27T20:43:17Z" duration-ms="14932">
      <class name="com.portal.test.Testing">
        <test-method is-config="true" signature="setUp(org.testng.ITestContext)[pri:0, instance:com.portal.test.Testing@2638011]" started-at="2019-05-27T20:43:02Z" name="setUp" finished-at="2019-05-27T20:43:03Z" duration-ms="145" status="PASS">
          <params>
            <param index="0">
              <value>
                <![CDATA[org.testng.TestRunner@2bfc268b]]>
              </value>
            </param>
          </params>
          <reporter-output>
          </reporter-output>
        </test-method> <!-- setUp -->
        <test-method is-config="true" signature="settingUp(java.lang.String)[pri:0, instance:com.portal.test.Testing@2638011]" started-at="2019-05-27T20:43:03Z" name="settingUp" finished-at="2019-05-27T20:43:07Z" duration-ms="4071" status="PASS">
          <params>
            <param index="0">
              <value>
                <![CDATA[chrome]]>
              </value>
            </param>
          </params>
          <reporter-output>
          </reporter-output>
        </test-method> <!-- settingUp -->
        <test-method signature="negativeLoginTest(java.util.Map)[pri:2, instance:com.portal.test.Testing@2638011]" started-at="2019-05-27T20:43:07Z" name="negativeLoginTest" data-provider="CsvDataProvider" finished-at="2019-05-27T20:43:08Z" duration-ms="1131" status="PASS">
          <params>
            <param index="0">
              <value>
                <![CDATA[{description=Invalid Email, password=TestingAuto123, sno=1, email=Sp16-Bs-0111}]]>
              </value>
            </param>
          </params>
          <reporter-output>
          </reporter-output>
        </test-method> <!-- negativeLoginTest -->
        <test-method is-config="true" signature="tearingDown()[pri:0, instance:com.portal.test.Testing@2638011]" started-at="2019-05-27T20:43:08Z" name="tearingDown" finished-at="2019-05-27T20:43:09Z" duration-ms="718" status="PASS">
          <reporter-output>
          </reporter-output>
        </test-method> <!-- tearingDown -->
        <test-method is-config="true" signature="settingUp(java.lang.String)[pri:0, instance:com.portal.test.Testing@2638011]" started-at="2019-05-27T20:43:09Z" name="settingUp" finished-at="2019-05-27T20:43:12Z" duration-ms="3357" status="PASS">
          <params>
            <param index="0">
              <value>
                <![CDATA[chrome]]>
              </value>
            </param>
          </params>
          <reporter-output>
          </reporter-output>
        </test-method> <!-- settingUp -->
        <test-method signature="negativeLoginTest(java.util.Map)[pri:2, instance:com.portal.test.Testing@2638011]" started-at="2019-05-27T20:43:12Z" name="negativeLoginTest" data-provider="CsvDataProvider" finished-at="2019-05-27T20:43:17Z" duration-ms="4762" status="FAIL">
          <params>
            <param index="0">
              <value>
                <![CDATA[{description=Invalid Password, password=123abc123A, sno=2, email=Sp16-Bs-0029}]]>
              </value>
            </param>
          </params>
          <exception class="java.lang.AssertionError">
            <message>
              <![CDATA[Error Message isn't expected.
 Expected: Invalid User/Password
Actual:You are already logged in expected [true] but found [false]]]>
            </message>
            <full-stacktrace>
              <![CDATA[java.lang.AssertionError: Error Message isn't expected.
 Expected: Invalid User/Password
Actual:You are already logged in expected [true] but found [false]
at org.testng.Assert.fail(Assert.java:96)
at org.testng.Assert.failNotEquals(Assert.java:776)
at org.testng.Assert.assertTrue(Assert.java:44)
at com.portal.test.Testing.negativeLoginTest(Testing.java:93)
at java.base/jdk.internal.reflect.NativeMethodAccessorImpl.invoke0(Native Method)
at java.base/jdk.internal.reflect.NativeMethodAccessorImpl.invoke(NativeMethodAccessorImpl.java:62)
at java.base/jdk.internal.reflect.DelegatingMethodAccessorImpl.invoke(DelegatingMethodAccessorImpl.java:43)
at java.base/java.lang.reflect.Method.invoke(Method.java:566)
at org.testng.internal.MethodInvocationHelper.invokeMethod(MethodInvocationHelper.java:124)
at org.testng.internal.Invoker.invokeMethod(Invoker.java:583)
at org.testng.internal.Invoker.invokeTestMethod(Invoker.java:719)
at org.testng.internal.Invoker.invokeTestMethods(Invoker.java:989)
at org.testng.internal.TestMethodWorker.invokeTestMethods(TestMethodWorker.java:125)
at org.testng.internal.TestMethodWorker.run(TestMethodWorker.java:109)
at org.testng.TestRunner.privateRun(TestRunner.java:648)
at org.testng.TestRunner.run(TestRunner.java:505)
at org.testng.SuiteRunner.runTest(SuiteRunner.java:455)
at org.testng.SuiteRunner.access$000(SuiteRunner.java:40)
at org.testng.SuiteRunner$SuiteWorker.run(SuiteRunner.java:489)
at org.testng.internal.thread.ThreadUtil$1.call(ThreadUtil.java:52)
at java.base/java.util.concurrent.FutureTask.run(FutureTask.java:264)
at java.base/java.util.concurrent.ThreadPoolExecutor.runWorker(ThreadPoolExecutor.java:1128)
at java.base/java.util.concurrent.ThreadPoolExecutor$Worker.run(ThreadPoolExecutor.java:628)
at java.base/java.lang.Thread.run(Thread.java:834)
]]>
            </full-stacktrace>
          </exception> <!-- java.lang.AssertionError -->
          <reporter-output>
          </reporter-output>
        </test-method> <!-- negativeLoginTest -->
        <test-method is-config="true" signature="tearingDown()[pri:0, instance:com.portal.test.Testing@2638011]" started-at="2019-05-27T20:43:17Z" name="tearingDown" finished-at="2019-05-27T20:43:17Z" duration-ms="714" status="PASS">
          <reporter-output>
          </reporter-output>
        </test-method> <!-- tearingDown -->
      </class> <!-- com.portal.test.Testing -->
    </test> <!-- Negative Login ch -->
  </suite> <!-- MAJU PORTAL -->
</testng-results>
